<?xml version="1.0" encoding="UTF-8"?>
<!-- Generated by org.testng.reporters.JUnitXMLReporter -->
<testsuite ignored="1" hostname="DESKTOP-E8U6502" failures="0" tests="3" name="Default test" time="24.413" errors="0" timestamp="2022-11-19T09:13:36 IST">
  <testcase classname="medCapStone.UserEnToEnTest" name="loginPassTest" time="1.492"/>
  <testcase classname="medCapStone.UserEnToEnTest" name="HomePageTest" time="14.425"/>
  <testcase classname="medCapStone.UserEnToEnTest" name="checkout" time="3.141"/>
  <testcase classname="medCapStone.UserEnToEnTest" name="LoginFailTest" time="0.0">
    <ignored/>
  </testcase> <!-- LoginFailTest -->
</testsuite> <!-- Default test -->
